<?xml version="1.0" encoding="UTF-8"?>
<!-- Generated by org.testng.reporters.JUnitReportReporter -->
<testsuite hostname="LAPTOP-SLURSDT2" failures="0" tests="1" name="pms.test.manger.LogoutTest" time="24.950" errors="0" timestamp="14 2æœˆ 2020 12:02:47 GMT" skipped="0">
  <testcase classname="pms.test.manger.LogoutTest" name="logout_success" time="24.950"/>
</testsuite> <!-- pms.test.manger.LogoutTest -->
