<?xml version="1.0" encoding="UTF-8"?>
<!-- Generated by org.testng.reporters.JUnitReportReporter -->
<testsuite hostname="LAPTOP-SLURSDT2" failures="0" tests="1" name="pms.test.manger.ChangePasswordTest" time="62.279" errors="0" timestamp="14 2æœˆ 2020 12:02:47 GMT" skipped="0">
  <testcase classname="pms.test.manger.ChangePasswordTest" name="ChangePassword_success" time="62.279"/>
</testsuite> <!-- pms.test.manger.ChangePasswordTest -->
