<?xml version="1.0" encoding="UTF-8"?>
<!-- Generated by org.testng.reporters.JUnitReportReporter -->
<testsuite hostname="LAPTOP-SLURSDT2" failures="0" tests="2" name="pms.test.manger.LoginTest" time="34.212" errors="0" timestamp="14 2æœˆ 2020 12:02:47 GMT" skipped="0">
  <testcase classname="pms.test.manger.LoginTest" name="login_fail" time="17.390"/>
  <testcase classname="pms.test.manger.LoginTest" name="login_success" time="16.822"/>
</testsuite> <!-- pms.test.manger.LoginTest -->
