<?xml version="1.0" encoding="UTF-8"?>
<!-- Generated by org.testng.reporters.JUnitReportReporter -->
<testsuite hostname="LAPTOP-SLURSDT2" failures="0" tests="1" name="com.pms.test.changpinperson.AddcpPersonTest" time="35.669" errors="0" timestamp="14 2æœˆ 2020 02:40:09 GMT" skipped="0">
  <testcase classname="com.pms.test.changpinperson.AddcpPersonTest" name="addPerson_CP" time="35.669"/>
</testsuite> <!-- com.pms.test.changpinperson.AddcpPersonTest -->
