<?xml version="1.0" encoding="UTF-8"?>
<!-- Generated by org.testng.reporters.JUnitReportReporter -->
<testsuite hostname="LAPTOP-SLURSDT2" failures="0" tests="1" name="com.pms.test.department.AddDepartmentTest" time="32.290" errors="0" timestamp="14 2æœˆ 2020 02:40:09 GMT" skipped="0">
  <testcase classname="com.pms.test.department.AddDepartmentTest" name="addDepartment" time="32.290"/>
</testsuite> <!-- com.pms.test.department.AddDepartmentTest -->
